/home/ytwang/wyt_workspace/PoseEstimation/human-pose-estimation.pytorch-master/pose_estimation/../lib/core/config.py:161: YAMLLoadWarning: calling yaml.load() without Loader=... is deprecated, as the default Loader is unsafe. Please read https://msg.pyyaml.org/load for full details.
  exp_config = edict(yaml.load(f))
Namespace(cfg='experiments/coco/resnet50/256x192_d256x3_adam_lr1e-3_mobile.yaml', frequent=100, gpus=None, resume=False, workers=None)
{'CUDNN': {'BENCHMARK': True, 'DETERMINISTIC': False, 'ENABLED': True},
 'DATASET': {'DATASET': 'coco',
             'DATA_FORMAT': 'jpg',
             'FLIP': True,
             'HYBRID_JOINTS_TYPE': '',
             'ROOT': '/home/ytwang/dataset/COCO2017',
             'ROT_FACTOR': 40,
             'SCALE_FACTOR': 0.3,
             'SELECT_DATA': False,
             'TEST_SET': 'val2017',
             'TRAIN_SET': 'train2017'},
 'DATA_DIR': '',
 'DEBUG': {'DEBUG': True,
           'SAVE_BATCH_IMAGES_GT': True,
           'SAVE_BATCH_IMAGES_PRED': True,
           'SAVE_HEATMAPS_GT': True,
           'SAVE_HEATMAPS_PRED': True},
 'GPUS': '0,1',
 'LOG_DIR': 'log',
 'LOSS': {'USE_TARGET_WEIGHT': True},
 'MODEL': {'EXTRA': {'DECONV_WITH_BIAS': False,
                     'FINAL_CONV_KERNEL': 1,
                     'HEATMAP_SIZE': array([48, 64]),
                     'NUM_DECONV_FILTERS': [128, 128, 128],
                     'NUM_DECONV_KERNELS': [3, 3, 3],
                     'NUM_DECONV_LAYERS': 3,
                     'NUM_LAYERS': 50,
                     'SIGMA': 2,
                     'TARGET_TYPE': 'gaussian'},
           'IMAGE_SIZE': array([192, 256]),
           'INIT_WEIGHTS': True,
           'NAME': 'pose_mobilenet',
           'NUM_JOINTS': 17,
           'PRETRAINED': 'models/Ultralight-Nano-SimplePose_0.74666.pth',
           'STYLE': 'pytorch'},
 'OUTPUT_DIR': 'output',
 'PRINT_FREQ': 100,
 'TEST': {'BATCH_SIZE': 32,
          'BBOX_THRE': 1.0,
          'COCO_BBOX_FILE': 'models/person_detection_results/COCO_val2017_detections_AP_H_56_person.json',
          'FLIP_TEST': False,
          'IMAGE_THRE': 0.0,
          'IN_VIS_THRE': 0.2,
          'MODEL_FILE': '',
          'NMS_THRE': 1.0,
          'OKS_THRE': 0.9,
          'POST_PROCESS': True,
          'SHIFT_HEATMAP': True,
          'USE_GT_BBOX': True},
 'TRAIN': {'BATCH_SIZE': 128,
           'BEGIN_EPOCH': 0,
           'CHECKPOINT': '',
           'END_EPOCH': 140,
           'GAMMA1': 0.99,
           'GAMMA2': 0.0,
           'LR': 0.001,
           'LR_FACTOR': 0.1,
           'LR_STEP': [90, 120],
           'MOMENTUM': 0.9,
           'NESTEROV': False,
           'OPTIMIZER': 'adam',
           'RESUME': False,
           'SHUFFLE': True,
           'WD': 0.0001},
 'WORKERS': 8}
=> init deconv weights from normal distribution
=> init 0.weight as normal(0, 0.001)
=> init 0.bias as 0
=> init 1.weight as 1
=> init 1.bias as 0
=> init 4.weight as 1
=> init 4.bias as 0
=> init 6.weight as normal(0, 0.001)
=> init 6.bias as 0
=> init 7.weight as 1
=> init 7.bias as 0
=> init 10.weight as 1
=> init 10.bias as 0
=> init 12.weight as normal(0, 0.001)
=> init 12.bias as 0
=> init 13.weight as 1
=> init 13.bias as 0
=> init 16.weight as 1
=> init 16.bias as 0
=> init final conv weights from normal distribution
=> init 17.weight as normal(0, 0.001)
=> init 17.bias as 0
=> loading pretrained model models/Ultralight-Nano-SimplePose_0.74666.pth
=> creating output/coco/256x192_d256x3_adam_lr1e-3_mobile
=> creating log/coco/256x192_d256x3_adam_lr1e-3_mobile_2021-03-22-08-04
Traceback (most recent call last):
  File "pose_estimation/train.py", line 237, in <module>
    main()
  File "pose_estimation/train.py", line 108, in main
    model = eval('models.'+config.MODEL.NAME+'.get_pose_net')(
  File "/home/ytwang/wyt_workspace/PoseEstimation/human-pose-estimation.pytorch-master/pose_estimation/../lib/models/pose_mobilenet.py", line 379, in get_pose_net
    model.init_weights(cfg.MODEL.PRETRAINED)
  File "/home/ytwang/wyt_workspace/PoseEstimation/human-pose-estimation.pytorch-master/pose_estimation/../lib/models/pose_mobilenet.py", line 360, in init_weights
    self.load_state_dict(state_dict, strict=False)
  File "/home/ytwang/anaconda3/lib/python3.8/site-packages/torch/nn/modules/module.py", line 1051, in load_state_dict
    raise RuntimeError('Error(s) in loading state_dict for {}:\n\t{}'.format(
RuntimeError: Error(s) in loading state_dict for PoseMobileNet:
	size mismatch for deconv_layers.0.weight: copying a param with shape torch.Size([128, 1, 4, 4]) from checkpoint, the shape in current model is torch.Size([128, 1, 3, 3]).
	size mismatch for deconv_layers.6.weight: copying a param with shape torch.Size([128, 1, 4, 4]) from checkpoint, the shape in current model is torch.Size([128, 1, 3, 3]).
	size mismatch for deconv_layers.12.weight: copying a param with shape torch.Size([128, 1, 4, 4]) from checkpoint, the shape in current model is torch.Size([128, 1, 3, 3]).
